 ** Hydraulics Summary **
Trib  Reach                    Downstream  Hydraulics  E'          H           Btop        Ac          U           trav time   slope       Reaeration  Reaeration formulas      drop (m)    
No.   Label                    Distance    Q,(m3/s)    (m^3/s)     (m)         (m)         (m^2)       (m/s)       (day)                   ka,20,(/d)  water/wind               drop (m)    
--------------------------------------------------------------------------------------------------------------------------------------------------------------------------------------------------------------------------------------------------------------------------------------------------------------------------------------------------------------------------------------------
     0CABECERA                    244.16137     0.02900     0.01450     0.67162     6.54676     4.39696     0.00660     0.00000     0.00000                                               
     0TRAMO_1                     238.58810     0.05900     0.02950     0.74200     7.04815     5.22970     0.01128     5.71769     0.00650     0.00000     Specified/No wind                  0.00000
     0TRAMO_1                     233.01484     0.05900     0.02950     0.74200     7.04815     5.22970     0.01128    11.43537     0.00650     0.00000     Specified/No wind                  0.00000
     0TRAMO_1                     227.44158     0.51960     0.25980     1.00684     8.83571     8.89613     0.05841    12.53977     0.00650     0.00000     Specified/No wind                  0.00000
     0TRAMO_1                     221.86832     0.51133     0.25566     1.00457     8.82099     8.86132     0.05770    13.65766     0.00650     0.00000     Specified/No wind                  0.00000
     0TRAMO_1                     216.29505     0.51133     0.25566     1.00457     8.82099     8.86132     0.05770    14.77554     0.00650     0.00000     Specified/No wind                  0.00000
     0TRAMO_1                     210.72179     0.77639     0.38820     1.06520     9.21219     9.81279     0.07912    15.59082     0.00650     0.00000     Specified/No wind                  0.00000
     0TRAMO_1                     205.14853     0.78260     0.39130     1.06639     9.21981     9.83188     0.07960    16.40121     0.00650     0.00000     Specified/No wind                  0.00000
     0TRAMO_1                     199.57527     2.60027     1.30013     1.26205    10.44489    13.18202     0.19726    16.72822     0.00650     0.00000     Specified/No wind                  0.00000
     0TRAMO_1                     194.00200     2.60062     1.30031     1.26208    10.44504    13.18246     0.19728    17.05519     0.00650     0.00000     Specified/No wind                  0.00000
     0TRAMO_1                     188.42874     2.59971     2.06827     1.26202    10.44466    13.18133     0.19723    17.38226     0.00650     0.00000     Specified/No wind                  0.00000
     0TRAMO_2                     186.99671     2.59971     1.29985     0.75631    10.60245     8.01878     0.32420    17.43338     0.00265     0.00000     Specified/No wind                  0.00000
     0TRAMO_2                     185.56467     2.59776     1.29888     0.75606    10.60202     8.01576     0.32408    17.48452     0.00265     0.00000     Specified/No wind                  0.00000
     0TRAMO_2                     184.13264     2.59566     1.29783     0.75579    10.60156     8.01251     0.32395    17.53569     0.00265     0.00000     Specified/No wind                  0.00000
     0TRAMO_2                     182.70061     2.59478     1.29739     0.75567    10.60136     8.01115     0.32390    17.58686     0.00265     0.00000     Specified/No wind                  0.00000
     0TRAMO_2                     181.26857     2.59437     1.29719     0.75562    10.60127     8.01051     0.32387    17.63804     0.00265     0.00000     Specified/No wind                  0.00000
     0TRAMO_2                     179.83654     5.03500     2.51750     1.01664    10.98919    11.17207     0.45068    17.67481     0.00265     0.00000     Specified/No wind                  0.00000
     0TRAMO_2                     178.40451     3.05667     1.52833     0.81315    10.69591     8.69740     0.35145    17.72197     0.00265     0.00000     Specified/No wind                  0.00000
     0TRAMO_2                     176.97248     3.05620     1.52810     0.81310    10.69582     8.69673     0.35142    17.76914     0.00265     0.00000     Specified/No wind                  0.00000
     0TRAMO_2                     175.54044     3.00461     1.50230     0.80692    10.68596     8.62277     0.34845    17.81670     0.00265     0.00000     Specified/No wind                  0.00000
     0TRAMO_2                     174.10841     3.03510     1.35797     0.81058    10.69181     8.66656     0.35021    17.86403     0.00265     0.00000     Specified/No wind                  0.00000
     0TRAMO_3                     172.33981     3.03660     1.51830     1.07997    14.42234    15.57575     0.19496    17.96903     0.00023     0.00000     Specified/No wind                  0.00000
     0TRAMO_3                     170.57121     3.03660     1.51830     1.07997    14.42234    15.57575     0.19496    18.07402     0.00023     0.00000     Specified/No wind                  0.00000
     0TRAMO_3                     168.80261     3.01140     1.50570     1.07744    14.41174    15.52772     0.19394    18.17957     0.00023     0.00000     Specified/No wind                  0.00000
     0TRAMO_3                     167.03401     2.94007     1.47004     1.07017    14.38131    15.39039     0.19103    18.28673     0.00023     0.00000     Specified/No wind                  0.00000
     0TRAMO_3                     165.26542     3.02707     1.51354     1.07902    14.41834    15.55762     0.19457    18.39193     0.00023     0.00000     Specified/No wind                  0.00000
     0TRAMO_3                     163.49682     3.02077     1.51038     1.07838    14.41569    15.54560     0.19432    18.49728     0.00023     0.00000     Specified/No wind                  0.00000
     0TRAMO_3                     161.72822     2.97322     1.48661     1.07356    14.39553    15.45447     0.19239    18.60368     0.00023     0.00000     Specified/No wind                  0.00000
     0TRAMO_3                     159.95962     2.97051     1.48525     1.07328    14.39438    15.44925     0.19228    18.71014     0.00023     0.00000     Specified/No wind                  0.00000
     0TRAMO_3                     158.19102     2.93198     1.46599     1.06933    14.37781    15.37469     0.19070    18.81748     0.00023     0.00000     Specified/No wind                  0.00000
     0TRAMO_3                     156.42242     2.93223     1.34781     1.06936    14.37792    15.37517     0.19071    18.92481     0.00023     0.00000     Specified/No wind                  0.00000
     0TRAMO_4                     154.34334     2.88256     1.44128     0.65768    16.50967    10.85810     0.26548    19.01545     0.00048     0.00000     Specified/No wind                  0.00000
     0TRAMO_4                     152.26425     2.85593     1.42796     0.65502    16.50443    10.81070     0.26418    19.10654     0.00048     0.00000     Specified/No wind                  0.00000
     0TRAMO_4                     150.18516     2.79332     1.39666     0.64870    16.49193    10.69833     0.26110    19.19871     0.00048     0.00000     Specified/No wind                  0.00000
     0TRAMO_4                     148.10608     2.79364     1.39682     0.64873    16.49199    10.69891     0.26111    19.29086     0.00048     0.00000     Specified/No wind                  0.00000
     0TRAMO_4                     146.02699     2.90809     1.45405     0.66022    16.51465    10.90333     0.26672    19.38108     0.00048     0.00000     Specified/No wind                  0.00000
     0TRAMO_4                     143.94790     2.87063     1.43532     0.65649    16.50733    10.83690     0.26489    19.47193     0.00048     0.00000     Specified/No wind                  0.00000
     0TRAMO_4                     141.86882     2.87013     1.43507     0.65644    16.50723    10.83601     0.26487    19.56278     0.00048     0.00000     Specified/No wind                  0.00000
     0TRAMO_4                     139.78973     2.85359     1.42680     0.65478    16.50397    10.80653     0.26406    19.65390     0.00048     0.00000     Specified/No wind                  0.00000
     0TRAMO_4                     137.71064     4.17778     2.08889     0.77353    16.72054    12.93386     0.32301    19.72840     0.00048     0.00000     Specified/No wind                  0.00000
     0TRAMO_4                     135.63156     4.90990     1.64928     0.83011    16.81314    13.95681     0.35179    19.79680     0.00048     0.00000     Specified/No wind                  0.00000
     0TRAMO_5                     131.52119     4.88349     2.44175     0.45383    18.44120     8.36926     0.58350    19.87834     0.00642     0.00000     Specified/No wind                  0.00000
     0TRAMO_5                     127.41082     4.88323     2.44162     0.45383    18.44101     8.36905     0.58349    19.95987     0.00642     0.00000     Specified/No wind                  0.00000
     0TRAMO_5                     123.30045     4.89506     2.44753     0.45414    18.44963     8.37866     0.58423    20.04130     0.00642     0.00000     Specified/No wind                  0.00000
     0TRAMO_5                     119.19008     4.90328     2.45164     0.45435    18.45562     8.38533     0.58475    20.12266     0.00642     0.00000     Specified/No wind                  0.00000
     0TRAMO_5                     115.07972     4.90328     2.45164     0.45435    18.45562     8.38533     0.58475    20.20401     0.00642     0.00000     Specified/No wind                  0.00000
     0TRAMO_5                     110.96935     4.90590     2.45295     0.45442    18.45752     8.38745     0.58491    20.28535     0.00642     0.00000     Specified/No wind                  0.00000
     0TRAMO_5                     106.85898     4.90590     2.45295     0.45442    18.45752     8.38745     0.58491    20.36668     0.00642     0.00000     Specified/No wind                  0.00000
     0TRAMO_5                     102.74861    10.10570     5.05285     0.55677    21.22309    11.81647     0.85522    20.42231     0.00642     0.00000     Specified/No wind                  0.00000
     0TRAMO_5                      98.63825    10.10570     5.05285     0.55677    21.22309    11.81647     0.85522    20.47794     0.00642     0.00000     Specified/No wind                  0.00000
     0TRAMO_5                      94.52788    10.11494     3.68031     0.55692    21.22684    11.82160     0.85563    20.53354     0.00642     0.00000     Specified/No wind                  0.00000
     0TRAMO_6                      87.34135    12.77089     6.38544     0.90760    18.12992    16.45474     0.77612    20.64071     0.01558     0.00000     Specified/No wind                  0.00000
     0TRAMO_6                      80.15482    12.77089     6.38544     0.90760    18.12992    16.45474     0.77612    20.74788     0.01558     0.00000     Specified/No wind                  0.00000
     0TRAMO_6                      72.96829    17.21159     8.60579     0.95372    19.92276    19.00077     0.90584    20.83970     0.01558     0.00000     Specified/No wind                  0.00000
     0TRAMO_6                      65.78176    17.21159     8.60579     0.95372    19.92276    19.00077     0.90584    20.93153     0.01558     0.00000     Specified/No wind                  0.00000
     0TRAMO_6                      58.59523    24.36159    12.18079     1.01038    22.23458    22.46532     1.08441    21.00823     0.01558     0.00000     Specified/No wind                  0.00000
     0TRAMO_6                      51.40870    24.36159    12.18079     1.01038    22.23458    22.46532     1.08441    21.08493     0.01558     0.00000     Specified/No wind                  0.00000
     0TRAMO_6                      44.22217    24.36159    12.18079     1.01038    22.23458    22.46532     1.08441    21.16164     0.01558     0.00000     Specified/No wind                  0.00000
     0TRAMO_6                      37.03564    25.91409    12.95704     1.02080    22.67292    23.14449     1.11967    21.23593     0.01558     0.00000     Specified/No wind                  0.00000
     0TRAMO_6                      29.84911    25.91409    12.95704     1.02080    22.67292    23.14449     1.11967    21.31021     0.01558     0.00000     Specified/No wind                  0.00000
     0TRAMO_6                      22.66258    25.91360    19.70095     1.02080    22.67278    23.14428     1.11965    21.38450     0.01558     0.00000     Specified/No wind                  0.00000
     0TRAMO_7                      20.39632    25.91360    12.95680     1.02080    22.67278    23.14428     1.11965    21.40793     0.01002     0.00000     Specified/No wind                  0.00000
     0TRAMO_7                      18.13006    25.91360    12.95680     1.02080    22.67278    23.14428     1.11965    21.43136     0.01002     0.00000     Specified/No wind                  0.00000
     0TRAMO_7                      15.86380    25.91360    12.95680     1.02080    22.67278    23.14428     1.11965    21.45478     0.01002     0.00000     Specified/No wind                  0.00000
     0TRAMO_7                      13.59755    25.91360    12.95680     1.02080    22.67278    23.14428     1.11965    21.47821     0.01002     0.00000     Specified/No wind                  0.00000
     0TRAMO_7                      11.33129    25.91360    12.95680     1.02080    22.67278    23.14428     1.11965    21.50164     0.01002     0.00000     Specified/No wind                  0.00000
     0TRAMO_7                       9.06503    32.23460    16.11730     1.05848    24.29181    25.71249     1.25366    21.52256     0.01002     0.00000     Specified/No wind                  0.00000
     0TRAMO_7                       6.79877    32.23460    16.11730     1.05848    24.29181    25.71249     1.25366    21.54348     0.01002     0.00000     Specified/No wind                  0.00000
     0TRAMO_7                       4.53252    32.23460    16.11730     1.05848    24.29181    25.71249     1.25366    21.56440     0.01002     0.00000     Specified/No wind                  0.00000
     0TRAMO_7                       2.26626    32.23460    16.11730     1.05848    24.29181    25.71249     1.25366    21.58533     0.01002     0.00000     Specified/No wind                  0.00000
     0TRAMO_7                       0.00000    32.23460    16.11730     1.05848    24.29181    25.71249     1.25366    21.60625     0.01002     0.00000     Specified/No wind                  0.00000
 
